#
# A fatal error has been detected by the Java Runtime Environment:
#
#  EXCEPTION_ACCESS_VIOLATION (0xc0000005) at pc=0x6adf5d72, pid=21300, tid=21392
#
# JRE version: Java(TM) SE Runtime Environment (8.0_66-b18) (build 1.8.0_66-b18)
# Java VM: Java HotSpot(TM) Client VM (25.66-b18 mixed mode, sharing windows-x86 )
# Problematic frame:
# C  [ig9icd32.dll+0x2c5d72]
#
# Failed to write core dump. Minidumps are not enabled by default on client versions of Windows
#
# If you would like to submit a bug report, please visit:
#   http://bugreport.java.com/bugreport/crash.jsp
# The crash happened outside the Java Virtual Machine in native code.
# See problematic frame for where to report the bug.
#

---------------  T H R E A D  ---------------

Current thread (0x16624000):  JavaThread "AWT-EventQueue-0" [_thread_in_native, id=21392, stack(0x164d0000,0x16520000)]

siginfo: ExceptionCode=0xc0000005, reading address 0x00000000

Registers:
EAX=0x00459560, EBX=0x004b5f88, ECX=0x00000008, EDX=0x004cea38
ESP=0x1651e4e0, EBP=0x1651e51c, ESI=0x004cea50, EDI=0x004cea48
EIP=0x6adf5d72, EFLAGS=0x00010202

Top of Stack: (sp=0x1651e4e0)
0x1651e4e0:   00499240 00000001 16624140 1661aa58
0x1651e4f0:   001605c2 00459560 00000008 004cea38
0x1651e500:   16627b20 16627f0c 00459560 00000001
0x1651e510:   00000004 004b5f88 1cc7ae3c 1651e538
0x1651e520:   6ae05beb 00499240 00000001 00000000
0x1651e530:   00000001 6b225a70 1651e578 6452169b
0x1651e540:   00000001 00000001 00000000 16624000
0x1651e550:   00000006 00000008 16624000 14660368 

Instructions: (pc=0x6adf5d72)
0x6adf5d52:   08 89 4d dc eb 08 8d a4 24 00 00 00 00 90 8b 45
0x6adf5d62:   fc 8b 80 ac 00 00 00 8b 04 07 8d 7e f8 89 45 ec
0x6adf5d72:   8b 41 f8 89 07 8b 41 fc 89 46 fc 8b 01 89 06 8b
0x6adf5d82:   41 04 8b ca 89 46 04 e8 02 49 d6 ff 84 c0 0f 85 


Register to memory mapping:

EAX=0x00459560 is an unknown value
EBX=0x004b5f88 is an unknown value
ECX=0x00000008 is an unknown value
EDX=0x004cea38 is an unknown value
ESP=0x1651e4e0 is pointing into the stack for thread: 0x16624000
EBP=0x1651e51c is pointing into the stack for thread: 0x16624000
ESI=0x004cea50 is an unknown value
EDI=0x004cea48 is an unknown value


Stack: [0x164d0000,0x16520000],  sp=0x1651e4e0,  free space=313k
Native frames: (J=compiled Java code, j=interpreted, Vv=VM code, C=native code)
C  [ig9icd32.dll+0x2c5d72]
C  [ig9icd32.dll+0x2d5beb]
C  [jogl_desktop.dll+0x2169b]
j  jogamp.opengl.gl4.GL4bcImpl.dispatch_glUniform4fv1(IILjava/lang/Object;IZJ)V+0
j  jogamp.opengl.gl4.GL4bcImpl.glUniform4fv(IILjava/nio/FloatBuffer;)V+81
j  View.draw(Lcom/jogamp/opengl/GLAutoDrawable;)V+93
j  JOGLFrame$1.display(Lcom/jogamp/opengl/GLAutoDrawable;)V+8
j  jogamp.opengl.GLDrawableHelper.displayImpl(Lcom/jogamp/opengl/GLAutoDrawable;)V+62
j  jogamp.opengl.GLDrawableHelper.display(Lcom/jogamp/opengl/GLAutoDrawable;)V+2
j  com.jogamp.opengl.awt.GLCanvas$11.run()V+118
j  jogamp.opengl.GLDrawableHelper.invokeGLImpl(Lcom/jogamp/opengl/GLDrawable;Lcom/jogamp/opengl/GLContext;Ljava/lang/Runnable;Ljava/lang/Runnable;)V+203
j  jogamp.opengl.GLDrawableHelper.invokeGL(Lcom/jogamp/opengl/GLDrawable;Lcom/jogamp/opengl/GLContext;Ljava/lang/Runnable;Ljava/lang/Runnable;)V+72
j  com.jogamp.opengl.awt.GLCanvas$12.run()V+104
j  com.jogamp.opengl.Threading.invoke(ZLjava/lang/Runnable;Ljava/lang/Object;)V+27
j  com.jogamp.opengl.awt.GLCanvas.display()V+64
j  com.jogamp.opengl.awt.GLCanvas.paint(Ljava/awt/Graphics;)V+137
j  sun.awt.RepaintArea.paintComponent(Ljava/awt/Component;Ljava/awt/Graphics;)V+6
j  sun.awt.RepaintArea.paint(Ljava/lang/Object;Z)V+326
j  sun.awt.windows.WComponentPeer.handleEvent(Ljava/awt/AWTEvent;)V+155
j  java.awt.Component.dispatchEventImpl(Ljava/awt/AWTEvent;)V+877
j  java.awt.Component.dispatchEvent(Ljava/awt/AWTEvent;)V+2
j  java.awt.EventQueue.dispatchEventImpl(Ljava/awt/AWTEvent;Ljava/lang/Object;)V+41
j  java.awt.EventQueue.access$500(Ljava/awt/EventQueue;Ljava/awt/AWTEvent;Ljava/lang/Object;)V+3
j  java.awt.EventQueue$3.run()Ljava/lang/Void;+32
j  java.awt.EventQueue$3.run()Ljava/lang/Object;+1
v  ~StubRoutines::call_stub
V  [jvm.dll+0x158ba5]
V  [jvm.dll+0x21e12e]
V  [jvm.dll+0x158c3e]
V  [jvm.dll+0x10973f]
C  [java.dll+0x102f]
j  java.security.ProtectionDomain$JavaSecurityAccessImpl.doIntersectionPrivilege(Ljava/security/PrivilegedAction;Ljava/security/AccessControlContext;Ljava/security/AccessControlContext;)Ljava/lang/Object;+18
j  java.security.ProtectionDomain$JavaSecurityAccessImpl.doIntersectionPrivilege(Ljava/security/PrivilegedAction;Ljava/security/AccessControlContext;)Ljava/lang/Object;+6
j  java.awt.EventQueue$4.run()Ljava/lang/Void;+11
j  java.awt.EventQueue$4.run()Ljava/lang/Object;+1
v  ~StubRoutines::call_stub
V  [jvm.dll+0x158ba5]
V  [jvm.dll+0x21e12e]
V  [jvm.dll+0x158c3e]
V  [jvm.dll+0x10973f]
C  [java.dll+0x102f]
j  java.security.ProtectionDomain$JavaSecurityAccessImpl.doIntersectionPrivilege(Ljava/security/PrivilegedAction;Ljava/security/AccessControlContext;Ljava/security/AccessControlContext;)Ljava/lang/Object;+18
j  java.awt.EventQueue.dispatchEvent(Ljava/awt/AWTEvent;)V+73
j  java.awt.EventDispatchThread.pumpOneEventForFilters(I)V+245
j  java.awt.EventDispatchThread.pumpEventsForFilter(ILjava/awt/Conditional;Ljava/awt/EventFilter;)V+35
j  java.awt.EventDispatchThread.pumpEventsForHierarchy(ILjava/awt/Conditional;Ljava/awt/Component;)V+11
j  java.awt.EventDispatchThread.pumpEvents(ILjava/awt/Conditional;)V+4
j  java.awt.EventDispatchThread.pumpEvents(Ljava/awt/Conditional;)V+3
j  java.awt.EventDispatchThread.run()V+9
v  ~StubRoutines::call_stub
V  [jvm.dll+0x158ba5]
V  [jvm.dll+0x21e12e]
V  [jvm.dll+0x158c3e]
V  [jvm.dll+0x158dc6]
V  [jvm.dll+0x158e37]
V  [jvm.dll+0xfd84f]
V  [jvm.dll+0x17c07c]
V  [jvm.dll+0x17c16a]
V  [jvm.dll+0x1c06f6]
C  [msvcr100.dll+0x5c556]
C  [msvcr100.dll+0x5c600]
C  [KERNEL32.DLL+0x162c4]
C  [ntdll.dll+0x60609]
C  [ntdll.dll+0x605d4]
C  0x00000000

Java frames: (J=compiled Java code, j=interpreted, Vv=VM code)
j  jogamp.opengl.gl4.GL4bcImpl.dispatch_glUniform4fv1(IILjava/lang/Object;IZJ)V+0
j  jogamp.opengl.gl4.GL4bcImpl.glUniform4fv(IILjava/nio/FloatBuffer;)V+81
j  View.draw(Lcom/jogamp/opengl/GLAutoDrawable;)V+93
j  JOGLFrame$1.display(Lcom/jogamp/opengl/GLAutoDrawable;)V+8
j  jogamp.opengl.GLDrawableHelper.displayImpl(Lcom/jogamp/opengl/GLAutoDrawable;)V+62
j  jogamp.opengl.GLDrawableHelper.display(Lcom/jogamp/opengl/GLAutoDrawable;)V+2
j  com.jogamp.opengl.awt.GLCanvas$11.run()V+118
j  jogamp.opengl.GLDrawableHelper.invokeGLImpl(Lcom/jogamp/opengl/GLDrawable;Lcom/jogamp/opengl/GLContext;Ljava/lang/Runnable;Ljava/lang/Runnable;)V+203
j  jogamp.opengl.GLDrawableHelper.invokeGL(Lcom/jogamp/opengl/GLDrawable;Lcom/jogamp/opengl/GLContext;Ljava/lang/Runnable;Ljava/lang/Runnable;)V+72
j  com.jogamp.opengl.awt.GLCanvas$12.run()V+104
j  com.jogamp.opengl.Threading.invoke(ZLjava/lang/Runnable;Ljava/lang/Object;)V+27
j  com.jogamp.opengl.awt.GLCanvas.display()V+64
j  com.jogamp.opengl.awt.GLCanvas.paint(Ljava/awt/Graphics;)V+137
j  sun.awt.RepaintArea.paintComponent(Ljava/awt/Component;Ljava/awt/Graphics;)V+6
j  sun.awt.RepaintArea.paint(Ljava/lang/Object;Z)V+326
j  sun.awt.windows.WComponentPeer.handleEvent(Ljava/awt/AWTEvent;)V+155
j  java.awt.Component.dispatchEventImpl(Ljava/awt/AWTEvent;)V+877
j  java.awt.Component.dispatchEvent(Ljava/awt/AWTEvent;)V+2
j  java.awt.EventQueue.dispatchEventImpl(Ljava/awt/AWTEvent;Ljava/lang/Object;)V+41
j  java.awt.EventQueue.access$500(Ljava/awt/EventQueue;Ljava/awt/AWTEvent;Ljava/lang/Object;)V+3
j  java.awt.EventQueue$3.run()Ljava/lang/Void;+32
j  java.awt.EventQueue$3.run()Ljava/lang/Object;+1
v  ~StubRoutines::call_stub
j  java.security.AccessController.doPrivileged(Ljava/security/PrivilegedAction;Ljava/security/AccessControlContext;)Ljava/lang/Object;+0
j  java.security.ProtectionDomain$JavaSecurityAccessImpl.doIntersectionPrivilege(Ljava/security/PrivilegedAction;Ljava/security/AccessControlContext;Ljava/security/AccessControlContext;)Ljava/lang/Object;+18
j  java.security.ProtectionDomain$JavaSecurityAccessImpl.doIntersectionPrivilege(Ljava/security/PrivilegedAction;Ljava/security/AccessControlContext;)Ljava/lang/Object;+6
j  java.awt.EventQueue$4.run()Ljava/lang/Void;+11
j  java.awt.EventQueue$4.run()Ljava/lang/Object;+1
v  ~StubRoutines::call_stub
j  java.security.AccessController.doPrivileged(Ljava/security/PrivilegedAction;Ljava/security/AccessControlContext;)Ljava/lang/Object;+0
j  java.security.ProtectionDomain$JavaSecurityAccessImpl.doIntersectionPrivilege(Ljava/security/PrivilegedAction;Ljava/security/AccessControlContext;Ljava/security/AccessControlContext;)Ljava/lang/Object;+18
j  java.awt.EventQueue.dispatchEvent(Ljava/awt/AWTEvent;)V+73
j  java.awt.EventDispatchThread.pumpOneEventForFilters(I)V+245
j  java.awt.EventDispatchThread.pumpEventsForFilter(ILjava/awt/Conditional;Ljava/awt/EventFilter;)V+35
j  java.awt.EventDispatchThread.pumpEventsForHierarchy(ILjava/awt/Conditional;Ljava/awt/Component;)V+11
j  java.awt.EventDispatchThread.pumpEvents(ILjava/awt/Conditional;)V+4
j  java.awt.EventDispatchThread.pumpEvents(Ljava/awt/Conditional;)V+3
j  java.awt.EventDispatchThread.run()V+9
v  ~StubRoutines::call_stub

---------------  P R O C E S S  ---------------

Java Threads: ( => current thread )
  0x169b9800 JavaThread "Image Fetcher 0" daemon [_thread_blocked, id=16168, stack(0x1d080000,0x1d0d0000)]
  0x167a1800 JavaThread "AWT-EventQueue-0-SharedResourceRunner" daemon [_thread_blocked, id=8060, stack(0x165b0000,0x16600000)]
  0x020fe400 JavaThread "DestroyJavaVM" [_thread_blocked, id=22784, stack(0x01fa0000,0x01ff0000)]
=>0x16624000 JavaThread "AWT-EventQueue-0" [_thread_in_native, id=21392, stack(0x164d0000,0x16520000)]
  0x16619800 JavaThread "AWT-Windows" daemon [_thread_in_native, id=3112, stack(0x16240000,0x16290000)]
  0x16615400 JavaThread "AWT-Shutdown" [_thread_blocked, id=11456, stack(0x161b0000,0x16200000)]
  0x16612c00 JavaThread "Java2D Disposer" daemon [_thread_blocked, id=4568, stack(0x15780000,0x157d0000)]
  0x16147800 JavaThread "Monitor Ctrl-Break" daemon [_thread_in_native, id=6764, stack(0x15600000,0x15650000)]
  0x0205a400 JavaThread "Service Thread" daemon [_thread_blocked, id=7216, stack(0x14b90000,0x14be0000)]
  0x02033000 JavaThread "C1 CompilerThread0" daemon [_thread_blocked, id=5632, stack(0x14b00000,0x14b50000)]
  0x02030000 JavaThread "Attach Listener" daemon [_thread_blocked, id=16124, stack(0x14a70000,0x14ac0000)]
  0x0202f000 JavaThread "Signal Dispatcher" daemon [_thread_blocked, id=8788, stack(0x149e0000,0x14a30000)]
  0x0201fc00 JavaThread "Finalizer" daemon [_thread_blocked, id=9812, stack(0x14850000,0x148a0000)]
  0x0201e800 JavaThread "Reference Handler" daemon [_thread_blocked, id=22536, stack(0x147c0000,0x14810000)]

Other Threads:
  0x0201a400 VMThread [stack: 0x14730000,0x14780000] [id=16132]
  0x0205dc00 WatcherThread [stack: 0x15250000,0x152a0000] [id=10072]

VM state:not at safepoint (normal execution)

VM Mutex/Monitor currently owned by a thread: None

Heap:
 def new generation   total 4928K, used 3047K [0x04200000, 0x04750000, 0x09750000)
  eden space 4416K,  58% used [0x04200000, 0x0448a050, 0x04650000)
  from space 512K,  87% used [0x046d0000, 0x0473fcf8, 0x04750000)
  to   space 512K,   0% used [0x04650000, 0x04650000, 0x046d0000)
 tenured generation   total 10944K, used 4749K [0x09750000, 0x0a200000, 0x14200000)
   the space 10944K,  43% used [0x09750000, 0x09bf3760, 0x09bf3800, 0x0a200000)
 Metaspace       used 4632K, capacity 5942K, committed 6016K, reserved 6528K

Card table byte_map: [0x14200000,0x14290000] byte_map_base: 0x141df000

Polling page: 0x00b00000

CodeCache: size=32768Kb used=1211Kb max_used=1211Kb free=31556Kb
 bounds [0x02120000, 0x02250000, 0x04120000]
 total_blobs=780 nmethods=362 adapters=349
 compilation: enabled

Compilation events (10 events):
Event: 3.801 Thread 0x02033000  358             java.util.ArrayList$Itr::next (66 bytes)
Event: 3.801 Thread 0x02033000 nmethod 358 0x0224df48 code [0x0224e080, 0x0224e254]
Event: 3.872 Thread 0x02033000  359             java.util.concurrent.atomic.AtomicInteger::get (5 bytes)
Event: 3.873 Thread 0x02033000 nmethod 359 0x0224e448 code [0x0224e540, 0x0224e5c0]
Event: 3.944 Thread 0x02033000  360             sun.awt.AppContext::getAppContext (51 bytes)
Event: 3.945 Thread 0x02033000 nmethod 360 0x0224e608 code [0x0224e730, 0x0224e888]
Event: 4.114 Thread 0x02033000  361             java.awt.Component::inside (30 bytes)
Event: 4.114 Thread 0x02033000 nmethod 361 0x0224e988 code [0x0224ea80, 0x0224eb40]
Event: 4.204 Thread 0x02033000  362             java.security.ProtectionDomain::getCodeSource (5 bytes)
Event: 4.204 Thread 0x02033000 nmethod 362 0x0224eb88 code [0x0224ec80, 0x0224ed00]

GC Heap History (10 events):
Event: 1.635 GC heap before
{Heap before GC invocations=12 (full 0):
 def new generation   total 4928K, used 4416K [0x04200000, 0x04750000, 0x09750000)
  eden space 4416K, 100% used [0x04200000, 0x04650000, 0x04650000)
  from space 512K,   0% used [0x04650000, 0x04650108, 0x046d0000)
  to   space 512K,   0% used [0x046d0000, 0x046d0000, 0x04750000)
 tenured generation   total 10944K, used 4749K [0x09750000, 0x0a200000, 0x14200000)
   the space 10944K,  43% used [0x09750000, 0x09bf3760, 0x09bf3800, 0x0a200000)
 Metaspace       used 3880K, capacity 5639K, committed 5760K, reserved 6528K
Event: 1.636 GC heap after
Heap after GC invocations=13 (full 0):
 def new generation   total 4928K, used 185K [0x04200000, 0x04750000, 0x09750000)
  eden space 4416K,   0% used [0x04200000, 0x04200000, 0x04650000)
  from space 512K,  36% used [0x046d0000, 0x046fe640, 0x04750000)
  to   space 512K,   0% used [0x04650000, 0x04650000, 0x046d0000)
 tenured generation   total 10944K, used 4749K [0x09750000, 0x0a200000, 0x14200000)
   the space 10944K,  43% used [0x09750000, 0x09bf3760, 0x09bf3800, 0x0a200000)
 Metaspace       used 3880K, capacity 5639K, committed 5760K, reserved 6528K
}
Event: 1.649 GC heap before
{Heap before GC invocations=13 (full 0):
 def new generation   total 4928K, used 4601K [0x04200000, 0x04750000, 0x09750000)
  eden space 4416K, 100% used [0x04200000, 0x04650000, 0x04650000)
  from space 512K,  36% used [0x046d0000, 0x046fe640, 0x04750000)
  to   space 512K,   0% used [0x04650000, 0x04650000, 0x046d0000)
 tenured generation   total 10944K, used 4749K [0x09750000, 0x0a200000, 0x14200000)
   the space 10944K,  43% used [0x09750000, 0x09bf3760, 0x09bf3800, 0x0a200000)
 Metaspace       used 3880K, capacity 5639K, committed 5760K, reserved 6528K
Event: 1.649 GC heap after
Heap after GC invocations=14 (full 0):
 def new generation   total 4928K, used 182K [0x04200000, 0x04750000, 0x09750000)
  eden space 4416K,   0% used [0x04200000, 0x04200000, 0x04650000)
  from space 512K,  35% used [0x04650000, 0x0467dbb0, 0x046d0000)
  to   space 512K,   0% used [0x046d0000, 0x046d0000, 0x04750000)
 tenured generation   total 10944K, used 4749K [0x09750000, 0x0a200000, 0x14200000)
   the space 10944K,  43% used [0x09750000, 0x09bf3760, 0x09bf3800, 0x0a200000)
 Metaspace       used 3880K, capacity 5639K, committed 5760K, reserved 6528K
}
Event: 1.664 GC heap before
{Heap before GC invocations=14 (full 0):
 def new generation   total 4928K, used 4598K [0x04200000, 0x04750000, 0x09750000)
  eden space 4416K, 100% used [0x04200000, 0x04650000, 0x04650000)
  from space 512K,  35% used [0x04650000, 0x0467dbb0, 0x046d0000)
  to   space 512K,   0% used [0x046d0000, 0x046d0000, 0x04750000)
 tenured generation   total 10944K, used 4749K [0x09750000, 0x0a200000, 0x14200000)
   the space 10944K,  43% used [0x09750000, 0x09bf3760, 0x09bf3800, 0x0a200000)
 Metaspace       used 3880K, capacity 5639K, committed 5760K, reserved 6528K
Event: 1.665 GC heap after
Heap after GC invocations=15 (full 0):
 def new generation   total 4928K, used 182K [0x04200000, 0x04750000, 0x09750000)
  eden space 4416K,   0% used [0x04200000, 0x04200000, 0x04650000)
  from space 512K,  35% used [0x046d0000, 0x046fdbb0, 0x04750000)
  to   space 512K,   0% used [0x04650000, 0x04650000, 0x046d0000)
 tenured generation   total 10944K, used 4749K [0x09750000, 0x0a200000, 0x14200000)
   the space 10944K,  43% used [0x09750000, 0x09bf3760, 0x09bf3800, 0x0a200000)
 Metaspace       used 3880K, capacity 5639K, committed 5760K, reserved 6528K
}
Event: 1.681 GC heap before
{Heap before GC invocations=15 (full 0):
 def new generation   total 4928K, used 4598K [0x04200000, 0x04750000, 0x09750000)
  eden space 4416K, 100% used [0x04200000, 0x04650000, 0x04650000)
  from space 512K,  35% used [0x046d0000, 0x046fdbb0, 0x04750000)
  to   space 512K,   0% used [0x04650000, 0x04650000, 0x046d0000)
 tenured generation   total 10944K, used 4749K [0x09750000, 0x0a200000, 0x14200000)
   the space 10944K,  43% used [0x09750000, 0x09bf3760, 0x09bf3800, 0x0a200000)
 Metaspace       used 3880K, capacity 5639K, committed 5760K, reserved 6528K
Event: 1.682 GC heap after
Heap after GC invocations=16 (full 0):
 def new generation   total 4928K, used 182K [0x04200000, 0x04750000, 0x09750000)
  eden space 4416K,   0% used [0x04200000, 0x04200000, 0x04650000)
  from space 512K,  35% used [0x04650000, 0x0467db70, 0x046d0000)
  to   space 512K,   0% used [0x046d0000, 0x046d0000, 0x04750000)
 tenured generation   total 10944K, used 4749K [0x09750000, 0x0a200000, 0x14200000)
   the space 10944K,  43% used [0x09750000, 0x09bf3760, 0x09bf3800, 0x0a200000)
 Metaspace       used 3880K, capacity 5639K, committed 5760K, reserved 6528K
}
Event: 1.750 GC heap before
{Heap before GC invocations=16 (full 0):
 def new generation   total 4928K, used 4598K [0x04200000, 0x04750000, 0x09750000)
  eden space 4416K, 100% used [0x04200000, 0x04650000, 0x04650000)
  from space 512K,  35% used [0x04650000, 0x0467db70, 0x046d0000)
  to   space 512K,   0% used [0x046d0000, 0x046d0000, 0x04750000)
 tenured generation   total 10944K, used 4749K [0x09750000, 0x0a200000, 0x14200000)
   the space 10944K,  43% used [0x09750000, 0x09bf3760, 0x09bf3800, 0x0a200000)
 Metaspace       used 4118K, capacity 5772K, committed 5888K, reserved 6528K
Event: 1.752 GC heap after
Heap after GC invocations=17 (full 0):
 def new generation   total 4928K, used 447K [0x04200000, 0x04750000, 0x09750000)
  eden space 4416K,   0% used [0x04200000, 0x04200000, 0x04650000)
  from space 512K,  87% used [0x046d0000, 0x0473fcf8, 0x04750000)
  to   space 512K,   0% used [0x04650000, 0x04650000, 0x046d0000)
 tenured generation   total 10944K, used 4749K [0x09750000, 0x0a200000, 0x14200000)
   the space 10944K,  43% used [0x09750000, 0x09bf3760, 0x09bf3800, 0x0a200000)
 Metaspace       used 4118K, capacity 5772K, committed 5888K, reserved 6528K
}

Deoptimization events (0 events):
No events

Internal exceptions (10 events):
Event: 0.255 Thread 0x020fe400 Exception <a 'java/security/PrivilegedActionException'> (0x044e3db0) thrown at [C:\re\workspace\8-2-build-windows-i586-cygwin\jdk8u66\5298\hotspot\src\share\vm\prims\jvm.cpp, line 1386]
Event: 0.255 Thread 0x020fe400 Exception <a 'java/security/PrivilegedActionException'> (0x044e3fb0) thrown at [C:\re\workspace\8-2-build-windows-i586-cygwin\jdk8u66\5298\hotspot\src\share\vm\prims\jvm.cpp, line 1386]
Event: 0.256 Thread 0x020fe400 Exception <a 'java/security/PrivilegedActionException'> (0x044e81f0) thrown at [C:\re\workspace\8-2-build-windows-i586-cygwin\jdk8u66\5298\hotspot\src\share\vm\prims\jvm.cpp, line 1386]
Event: 0.256 Thread 0x020fe400 Exception <a 'java/security/PrivilegedActionException'> (0x044e83f0) thrown at [C:\re\workspace\8-2-build-windows-i586-cygwin\jdk8u66\5298\hotspot\src\share\vm\prims\jvm.cpp, line 1386]
Event: 0.259 Thread 0x020fe400 Exception <a 'java/io/FileNotFoundException'> (0x044ea360) thrown at [C:\re\workspace\8-2-build-windows-i586-cygwin\jdk8u66\5298\hotspot\src\share\vm\prims\jni.cpp, line 709]
Event: 0.291 Thread 0x020fe400 Exception <a 'java/lang/NoSuchFieldError': method resolution failed> (0x045a5450) thrown at [C:\re\workspace\8-2-build-windows-i586-cygwin\jdk8u66\5298\hotspot\src\share\vm\prims\methodHandles.cpp, line 1146]
Event: 0.301 Thread 0x020fe400 Exception <a 'java/lang/NoSuchFieldError': method resolution failed> (0x045b17a8) thrown at [C:\re\workspace\8-2-build-windows-i586-cygwin\jdk8u66\5298\hotspot\src\share\vm\prims\methodHandles.cpp, line 1146]
Event: 0.364 Thread 0x16624000 Exception <a 'java/io/FileNotFoundException'> (0x042acd30) thrown at [C:\re\workspace\8-2-build-windows-i586-cygwin\jdk8u66\5298\hotspot\src\share\vm\prims\jni.cpp, line 709]
Event: 0.873 Thread 0x16624000 Exception <a 'java/io/FileNotFoundException'> (0x04263228) thrown at [C:\re\workspace\8-2-build-windows-i586-cygwin\jdk8u66\5298\hotspot\src\share\vm\prims\jni.cpp, line 709]
Event: 1.743 Thread 0x16624000 Exception <a 'java/lang/reflect/InvocationTargetException'> (0x04628588) thrown at [C:\re\workspace\8-2-build-windows-i586-cygwin\jdk8u66\5298\hotspot\src\share\vm\runtime\reflection.cpp, line 1092]

Events (10 events):
Event: 4.193 loading class java/awt/KeyboardFocusManager$2
Event: 4.193 loading class java/awt/KeyboardFocusManager$2 done
Event: 4.194 loading class sun/awt/SunToolkit$1
Event: 4.194 loading class sun/awt/SunToolkit$1 done
Event: 4.202 loading class org/joml/MemUtil
Event: 4.202 loading class org/joml/MemUtil done
Event: 4.203 loading class org/joml/MemUtil$MemUtilNIO
Event: 4.203 loading class org/joml/MemUtil$MemUtilNIO done
Event: 4.204 loading class org/joml/MemUtil$MemUtilUnsafe
Event: 4.204 loading class org/joml/MemUtil$MemUtilUnsafe done


Dynamic libraries:
0x00b20000 - 0x00b53000 	C:\Program Files (x86)\Java\jdk1.8.0_66\bin\java.exe
0x77d70000 - 0x77ef2000 	C:\WINDOWS\SYSTEM32\ntdll.dll
0x779d0000 - 0x77ab0000 	C:\WINDOWS\System32\KERNEL32.DLL
0x74bd0000 - 0x74d71000 	C:\WINDOWS\System32\KERNELBASE.dll
0x6efc0000 - 0x6f052000 	C:\WINDOWS\system32\apphelp.dll
0x77cf0000 - 0x77d67000 	C:\WINDOWS\System32\ADVAPI32.dll
0x74b10000 - 0x74bce000 	C:\WINDOWS\System32\msvcrt.dll
0x753e0000 - 0x75421000 	C:\WINDOWS\System32\sechost.dll
0x77ab0000 - 0x77b71000 	C:\WINDOWS\System32\RPCRT4.dll
0x74830000 - 0x7484e000 	C:\WINDOWS\System32\SspiCli.dll
0x74820000 - 0x7482a000 	C:\WINDOWS\System32\CRYPTBASE.dll
0x75620000 - 0x7567a000 	C:\WINDOWS\System32\bcryptPrimitives.dll
0x74e50000 - 0x74faf000 	C:\WINDOWS\System32\USER32.dll
0x777d0000 - 0x777e5000 	C:\WINDOWS\System32\win32u.dll
0x74a10000 - 0x74a3b000 	C:\WINDOWS\System32\GDI32.dll
0x76290000 - 0x763eb000 	C:\WINDOWS\System32\gdi32full.dll
0x6fd00000 - 0x6ff0a000 	C:\WINDOWS\WinSxS\x86_microsoft.windows.common-controls_6595b64144ccf1df_6.0.14393.0_none_74bc87d3d22d9abe\COMCTL32.dll
0x74fb0000 - 0x751c1000 	C:\WINDOWS\System32\combase.dll
0x75540000 - 0x75620000 	C:\WINDOWS\System32\ucrtbase.dll
0x75490000 - 0x754b5000 	C:\WINDOWS\System32\IMM32.DLL
0x6ce10000 - 0x6cecf000 	C:\Program Files (x86)\Java\jdk1.8.0_66\jre\bin\msvcr100.dll
0x6ca40000 - 0x6ce05000 	C:\Program Files (x86)\Java\jdk1.8.0_66\jre\bin\client\jvm.dll
0x75530000 - 0x75536000 	C:\WINDOWS\System32\PSAPI.DLL
0x72300000 - 0x72308000 	C:\WINDOWS\SYSTEM32\WSOCK32.dll
0x754c0000 - 0x75523000 	C:\WINDOWS\System32\WS2_32.dll
0x6f170000 - 0x6f194000 	C:\WINDOWS\SYSTEM32\WINMM.dll
0x741e0000 - 0x741e8000 	C:\WINDOWS\SYSTEM32\VERSION.dll
0x6f140000 - 0x6f163000 	C:\WINDOWS\SYSTEM32\WINMMBASE.dll
0x74a40000 - 0x74a76000 	C:\WINDOWS\System32\cfgmgr32.dll
0x6ed30000 - 0x6ed3c000 	C:\Program Files (x86)\Java\jdk1.8.0_66\jre\bin\verify.dll
0x6ed00000 - 0x6ed21000 	C:\Program Files (x86)\Java\jdk1.8.0_66\jre\bin\java.dll
0x6ece0000 - 0x6ecf3000 	C:\Program Files (x86)\Java\jdk1.8.0_66\jre\bin\zip.dll
0x763f0000 - 0x777c7000 	C:\WINDOWS\System32\SHELL32.dll
0x75bd0000 - 0x7613e000 	C:\WINDOWS\System32\windows.storage.dll
0x75680000 - 0x756c5000 	C:\WINDOWS\System32\powrprof.dll
0x76240000 - 0x76286000 	C:\WINDOWS\System32\shlwapi.dll
0x749f0000 - 0x749fd000 	C:\WINDOWS\System32\kernel.appcore.dll
0x74a80000 - 0x74b08000 	C:\WINDOWS\System32\shcore.dll
0x74db0000 - 0x74dbf000 	C:\WINDOWS\System32\profapi.dll
0x14be0000 - 0x14be7000 	C:\Program Files (x86)\JetBrains\IntelliJ IDEA Community Edition 15.0.6\bin\breakgen.dll
0x6ecc0000 - 0x6ecd6000 	C:\Program Files (x86)\Java\jdk1.8.0_66\jre\bin\net.dll
0x70650000 - 0x7069e000 	C:\WINDOWS\system32\mswsock.dll
0x6c8f0000 - 0x6ca35000 	C:\Program Files (x86)\Java\jdk1.8.0_66\jre\bin\awt.dll
0x761a0000 - 0x76234000 	C:\WINDOWS\System32\OLEAUT32.dll
0x77b80000 - 0x77bfb000 	C:\WINDOWS\System32\msvcp_win.dll
0x747a0000 - 0x74815000 	C:\WINDOWS\system32\uxtheme.dll
0x748b0000 - 0x749e6000 	C:\WINDOWS\System32\MSCTF.dll
0x6e9e0000 - 0x6e9ff000 	C:\WINDOWS\system32\dwmapi.dll
0x77c00000 - 0x77cea000 	C:\WINDOWS\System32\ole32.dll
0x73750000 - 0x73763000 	C:\WINDOWS\SYSTEM32\CRYPTSP.dll
0x73720000 - 0x7374f000 	C:\WINDOWS\system32\rsaenh.dll
0x73700000 - 0x7371b000 	C:\WINDOWS\SYSTEM32\bcrypt.dll
0x707f0000 - 0x7080a000 	C:\WINDOWS\SYSTEM32\USERENV.dll
0x70450000 - 0x7047f000 	C:\WINDOWS\SYSTEM32\IPHLPAPI.DLL
0x74da0000 - 0x74da7000 	C:\WINDOWS\System32\NSI.dll
0x74730000 - 0x74743000 	C:\WINDOWS\SYSTEM32\dhcpcsvc6.DLL
0x74710000 - 0x74724000 	C:\WINDOWS\SYSTEM32\dhcpcsvc.DLL
0x6ecb0000 - 0x6ecbf000 	C:\Program Files (x86)\Java\jdk1.8.0_66\jre\bin\nio.dll
0x637c0000 - 0x637cb000 	C:\Users\ashesh\AppData\Local\Temp\jogamp_0000\file_cache\jln8859243603922595812\jln5841474311036261676\natives\windows-i586\gluegen-rt.dll
0x6e690000 - 0x6e696000 	C:\Program Files (x86)\Java\jdk1.8.0_66\jre\bin\jawt.dll
0x6a440000 - 0x6a44b000 	C:\Users\ashesh\AppData\Local\Temp\jogamp_0000\file_cache\jln8859243603922595812\jln5841474311036261676\natives\windows-i586\nativewindow_awt.dll
0x6c100000 - 0x6c10d000 	C:\Users\ashesh\AppData\Local\Temp\jogamp_0000\file_cache\jln8859243603922595812\jln5841474311036261676\natives\windows-i586\nativewindow_win32.dll
0x6c810000 - 0x6c8f0000 	C:\WINDOWS\SYSTEM32\OpenGL32.dll
0x6c720000 - 0x6c80d000 	C:\WINDOWS\SYSTEM32\DDRAW.dll
0x6e650000 - 0x6e675000 	C:\WINDOWS\SYSTEM32\GLU32.dll
0x6e640000 - 0x6e647000 	C:\WINDOWS\SYSTEM32\DCIMAN32.dll
0x64500000 - 0x645a1000 	C:\Users\ashesh\AppData\Local\Temp\jogamp_0000\file_cache\jln8859243603922595812\jln5841474311036261676\natives\windows-i586\jogl_desktop.dll
0x6b940000 - 0x6ba7a000 	C:\Users\ashesh\AppData\Local\Programs\MiKTeX 2.9\miktex\bin\libGLESv2.dll
0x63820000 - 0x63835000 	C:\WINDOWS\SYSTEM32\VCRUNTIME140.dll
0x63630000 - 0x6369d000 	C:\WINDOWS\SYSTEM32\MSVCP140.dll
0x6d740000 - 0x6d89f000 	C:\WINDOWS\SYSTEM32\d3d9.dll
0x64340000 - 0x6439a000 	C:\Users\ashesh\AppData\Local\Temp\jogamp_0000\file_cache\jln8859243603922595812\jln5841474311036261676\natives\windows-i586\jogl_mobile.dll
0x6ab30000 - 0x6b517000 	C:\WINDOWS\SYSTEM32\ig9icd32.dll
0x654b0000 - 0x66144000 	C:\WINDOWS\SYSTEM32\igc32.dll
0x72290000 - 0x7229f000 	C:\WINDOWS\SYSTEM32\WTSAPI32.dll
0x6c6e0000 - 0x6c719000 	C:\Program Files (x86)\Java\jdk1.8.0_66\jre\bin\fontmanager.dll
0x501b0000 - 0x501e7000 	c:\Program Files\WIDCOMM\Bluetooth Software\SysWOW64\BtMmHook.dll
0x6e610000 - 0x6e640000 	C:\Program Files (x86)\Java\jdk1.8.0_66\jre\bin\t2k.dll
0x706a0000 - 0x707e5000 	C:\WINDOWS\SYSTEM32\dbghelp.dll

VM Arguments:
jvm_args: -Didea.launcher.port=7533 -Didea.launcher.bin.path=C:\Program Files (x86)\JetBrains\IntelliJ IDEA Community Edition 15.0.6\bin -Dfile.encoding=UTF-8 
java_command: com.intellij.rt.execution.application.AppMain Circles
java_class_path (initial): C:\Program Files (x86)\Java\jdk1.8.0_66\jre\lib\charsets.jar;C:\Program Files (x86)\Java\jdk1.8.0_66\jre\lib\deploy.jar;C:\Program Files (x86)\Java\jdk1.8.0_66\jre\lib\ext\access-bridge-32.jar;C:\Program Files (x86)\Java\jdk1.8.0_66\jre\lib\ext\cldrdata.jar;C:\Program Files (x86)\Java\jdk1.8.0_66\jre\lib\ext\dnsns.jar;C:\Program Files (x86)\Java\jdk1.8.0_66\jre\lib\ext\jaccess.jar;C:\Program Files (x86)\Java\jdk1.8.0_66\jre\lib\ext\jfxrt.jar;C:\Program Files (x86)\Java\jdk1.8.0_66\jre\lib\ext\localedata.jar;C:\Program Files (x86)\Java\jdk1.8.0_66\jre\lib\ext\nashorn.jar;C:\Program Files (x86)\Java\jdk1.8.0_66\jre\lib\ext\sunec.jar;C:\Program Files (x86)\Java\jdk1.8.0_66\jre\lib\ext\sunjce_provider.jar;C:\Program Files (x86)\Java\jdk1.8.0_66\jre\lib\ext\sunmscapi.jar;C:\Program Files (x86)\Java\jdk1.8.0_66\jre\lib\ext\sunpkcs11.jar;C:\Program Files (x86)\Java\jdk1.8.0_66\jre\lib\ext\zipfs.jar;C:\Program Files (x86)\Java\jdk1.8.0_66\jre\lib\javaws.jar;C:\Program Files (x86)\Java\jdk1.8.0_66\jre\lib\jce.jar;C:\Program Files (x86)\Java\jdk1.8.0_66\jre\lib\jfr.jar;C:\Program Files (x86)\Java\jdk1.8.0_66\jre\lib\jfxswt.jar;C:\Program Files (x86)\Java\jdk1.8.0_66\jre\lib\jsse.jar;C:\Program Files (x86)\Java\jdk1.8.0_66\jre\lib\management-agent.jar;C:\Program Files (x86)\Java\jdk1.8.0_66\jre\lib\plugin.jar;C:\Program Files (x86)\Java\jdk1.8.0_66\jre\lib\resources.jar;C:\Program Files (x86)\Java\jdk1.8.0_66\jre\lib\rt.jar;C:\Program Files (x86)\Java\jdk1.8.0_66\jre\lib;C:\Program Files (x86)\Java\jdk1.8.0_66\jre\lib\audio;C:\Users\ashesh\Google Drive\CS 4300\coding\Java\CirclesSolution\out\production\CirclesSolution;C:\Users\ashesh\Google Drive\CS 4300\coding\Java\JOGL\Jogamp\jar\joal.jar;C:\Users\ashesh\Google Drive\CS 4300\coding\Java\JOGL\Jogamp\jar\jocl.jar;C:\Users\ashesh\Google Drive\CS 4300\coding\Java\JOGL\Jogamp\jar\gluegen.jar;C:\Users\ashesh\Google Drive\CS 4300\coding\Java\JOGL\Jogamp\jar\jogl-all.jar;C:\Users\ashesh\Google Drive\CS 4
Launcher Type: SUN_STANDARD

Environment Variables:
JAVA_HOME=C:\Program Files (x86)\Java\jdk1.8.0_66
PATH=C:\Program Files\ImageMagick-6.9.3-Q16;C:\ProgramData\Oracle\Java\javapath;C:\Program Files\Dell\DW WLAN Card;C:\Program Files (x86)\Intel\iCLS Client\;C:\Program Files\Intel\iCLS Client\;C:\WINDOWS\system32;C:\WINDOWS;C:\WINDOWS\System32\Wbem;C:\WINDOWS\System32\WindowsPowerShell\v1.0\;C:\Program Files (x86)\Intel\Intel(R) Management Engine Components\DAL;C:\Program Files\Intel\Intel(R) Management Engine Components\DAL;C:\Program Files (x86)\Intel\Intel(R) Management Engine Components\IPT;C:\Program Files\Intel\Intel(R) Management Engine Components\IPT;c:\Program Files\WIDCOMM\Bluetooth Software\;c:\Program Files\WIDCOMM\Bluetooth Software\syswow64;c:\Program Files (x86)\Java\jdk1.8.0_66\bin;C:\Program Files (x86)\PharosSystems\Core;C:\Users\ashesh\AppData\Local\Programs\MiKTeX 2.9\miktex\bin\;C:\Program Files\Racket;C:\Windows\twain_32\CNQL25;%USERPROFILE%\AppData\Local\Microsoft\WindowsApps;
USERNAME=ashesh
OS=Windows_NT
PROCESSOR_IDENTIFIER=Intel64 Family 6 Model 78 Stepping 3, GenuineIntel



---------------  S Y S T E M  ---------------

OS: Windows 10.0 , 64 bit Build 14393 (10.0.14393.0)

CPU:total 4 (2 cores per cpu, 2 threads per core) family 6 model 78 stepping 3, cmov, cx8, fxsr, mmx, sse, sse2, sse3, ssse3, sse4.1, sse4.2, popcnt, avx, avx2, aes, clmul, erms, 3dnowpref, lzcnt, ht, tsc, tscinvbit, bmi1, bmi2, adx

Memory: 4k page, physical 8256916k(3487944k free), swap 10878356k(3341356k free)

vm_info: Java HotSpot(TM) Client VM (25.66-b18) for windows-x86 JRE (1.8.0_66-b18), built on Nov  9 2015 10:58:29 by "java_re" with MS VC++ 10.0 (VS2010)

time: Thu Sep 22 10:17:48 2016
elapsed time: 4 seconds (0d 0h 0m 4s)

